<?xml version="1.0" encoding="UTF-8"?>
<!-- Generated by org.testng.reporters.JUnitReportReporter -->
<testsuite skipped="0" hostname="Lap" name="test.seleniumTest" tests="1" failures="0" timestamp="2020-12-07T12:36:30 CST" time="14.513" errors="0">
  <testcase name="search" time="14.513" classname="test.seleniumTest"/>
  <system-out/>
</testsuite> <!-- test.seleniumTest -->
